<?xml version="1.0" encoding="UTF-8"?>
<testsuites>
   <testsuite name="pytest" errors="0" failures="0" skipped="0" tests="18" time="5.307" timestamp="2021-10-03T16:53:37.006655" hostname="RyanSeeto-PC">
      <testcase classname="obs_clinic_migration.tests.test_obs_clinic_migration" name="test_RedcapConv_init[ref_dict_10-0-sample_raw_df_10-True-expected_df_10]" file="obs_clinic_migration\tests\test_obs_clinic_migration.py" line="94" time="0.021" />
      <testcase classname="obs_clinic_migration.tests.test_obs_clinic_migration" name="test_RedcapConv_init[ref_dict_11-0-sample_raw_df_11-False-expected_df_11]" file="obs_clinic_migration\tests\test_obs_clinic_migration.py" line="94" time="0.008" />
      <testcase classname="obs_clinic_migration.tests.test_obs_clinic_migration" name="test_RedcapConv_init[ref_dict_12-2-sample_raw_df_12-True-expected_df_12]" file="obs_clinic_migration\tests\test_obs_clinic_migration.py" line="94" time="0.052" />
      <testcase classname="obs_clinic_migration.tests.test_obs_clinic_migration" name="test_RedcapConv_init[ref_dict_13-2-sample_raw_df_13-False-expected_df_13]" file="obs_clinic_migration\tests\test_obs_clinic_migration.py" line="94" time="0.036" />
      <testcase classname="obs_clinic_migration.tests.test_obs_clinic_migration" name="test_change_str" file="obs_clinic_migration\tests\test_obs_clinic_migration.py" line="112" time="0.040" />
      <testcase classname="obs_clinic_migration.tests.test_obs_clinic_migration" name="test_remove_na[ref_dict_20-0-sample_raw_df_20-True-expected_df_20]" file="obs_clinic_migration\tests\test_obs_clinic_migration.py" line="248" time="0.029" />
      <testcase classname="obs_clinic_migration.tests.test_obs_clinic_migration" name="test_remove_na[ref_dict_21-0-sample_raw_df_21-True-expected_df_21]" file="obs_clinic_migration\tests\test_obs_clinic_migration.py" line="248" time="0.029" />
      <testcase classname="obs_clinic_migration.tests.test_obs_clinic_migration" name="test_remove_na[ref_dict_22-0-sample_raw_df_22-True-expected_df_22]" file="obs_clinic_migration\tests\test_obs_clinic_migration.py" line="248" time="0.029" />
      <testcase classname="obs_clinic_migration.tests.test_obs_clinic_migration" name="test_remove_na[ref_dict_23-2-sample_raw_df_23-True-expected_df_23]" file="obs_clinic_migration\tests\test_obs_clinic_migration.py" line="248" time="0.053" />
      <testcase classname="obs_clinic_migration.tests.test_obs_clinic_migration" name="test_compare_conv_dde[ref_dict_30-0-sample_raw_df_30-True-redcap_dde_30-additional_ignore_cols_30-expected_df_30]" file="obs_clinic_migration\tests\test_obs_clinic_migration.py" line="442" time="0.052" />
      <testcase classname="obs_clinic_migration.tests.test_obs_clinic_migration" name="test_compare_conv_dde[ref_dict_31-0-sample_raw_df_31-True-redcap_dde_31-additional_ignore_cols_31-expected_df_31]" file="obs_clinic_migration\tests\test_obs_clinic_migration.py" line="442" time="0.054" />
      <testcase classname="obs_clinic_migration.tests.test_obs_clinic_migration" name="test_compare_conv_dde[ref_dict_32-0-sample_raw_df_32-True-redcap_dde_32-additional_ignore_cols_32-expected_df_32]" file="obs_clinic_migration\tests\test_obs_clinic_migration.py" line="442" time="0.054" />
      <testcase classname="obs_clinic_migration.tests.test_obs_clinic_migration" name="test_compare_conv_dde[ref_dict_33-0-sample_raw_df_33-True-redcap_dde_33-additional_ignore_cols_33-expected_df_33]" file="obs_clinic_migration\tests\test_obs_clinic_migration.py" line="442" time="0.053" />
      <testcase classname="obs_clinic_migration.tests.test_obs_clinic_migration" name="test_compare_conv_dde[ref_dict_34-0-sample_raw_df_34-True-redcap_dde_34-additional_ignore_cols_34-expected_df_34]" file="obs_clinic_migration\tests\test_obs_clinic_migration.py" line="442" time="0.051" />
      <testcase classname="obs_clinic_migration.tests.test_obs_clinic_migration" name="test_prep_imp[ref_dict_40-0-sample_raw_df_40-False-test_event_name-test_complete_col-None-expected_df_40-expected_cols_40]" file="obs_clinic_migration\tests\test_obs_clinic_migration.py" line="529" time="0.011" />
      <testcase classname="obs_clinic_migration.tests.test_obs_clinic_migration" name="test_prep_imp[ref_dict_41-2-sample_raw_df_41-True-test_event_name-test_complete_col-test_repeat_instrument-expected_df_41-expected_cols_41]" file="obs_clinic_migration\tests\test_obs_clinic_migration.py" line="529" time="0.047" />
      <testcase classname="obs_clinic_migration.tests.test_obs_clinic_migration_preprocessing" name="test_rave_date_unknown" file="obs_clinic_migration\tests\test_obs_clinic_migration_preprocessing.py" line="5" time="0.046" />
      <testcase classname="obs_clinic_migration.tests.test_obs_clinic_migration_preprocessing" name="test_create_specify_col" file="obs_clinic_migration\tests\test_obs_clinic_migration_preprocessing.py" line="57" time="0.009" />
   </testsuite>
</testsuites>